<?xml version="1.0" encoding="UTF-8"?>
<!-- Generated by org.testng.reporters.JUnitXMLReporter -->
<testsuite hostname="LAPTOP-EKCAP48F" name="Test" tests="2" failures="0" timestamp="16 Jan 2018 13:37:15 GMT" time="0.047" errors="0">
  <testcase name="@BeforeSuite openBrowser" time="0.0" classname="com.jayanthi.selenium.businesscript.ClearTrip">
    <failure type="java.lang.IllegalStateException" message="The path to the driver executable must be set by the webdriver.chrome.driver system property; for more information, see https://github.com/SeleniumHQ/selenium/wiki/ChromeDriver. The latest version can be downloaded from http://chromedriver.storage.googleapis.com/index.html">
      <![CDATA[java.lang.IllegalStateException: The path to the driver executable must be set by the webdriver.chrome.driver system property; for more information, see https://github.com/SeleniumHQ/selenium/wiki/ChromeDriver. The latest version can be downloaded from http://chromedriver.storage.googleapis.com/index.html
	at com.google.common.base.Preconditions.checkState(Preconditions.java:199)
	at org.openqa.selenium.remote.service.DriverService.findExecutable(DriverService.java:109)
	at org.openqa.selenium.chrome.ChromeDriverService.access$0(ChromeDriverService.java:1)
	at org.openqa.selenium.chrome.ChromeDriverService$Builder.findDefaultExecutable(ChromeDriverService.java:137)
	at org.openqa.selenium.remote.service.DriverService$Builder.build(DriverService.java:296)
	at org.openqa.selenium.chrome.ChromeDriverService.createDefaultService(ChromeDriverService.java:88)
	at org.openqa.selenium.chrome.ChromeDriver.<init>(ChromeDriver.java:116)
	at com.jayanthi.selenium.base.DriverEngine.openBrowser(DriverEngine.java:21)
... Removed 18 stack frames]]>
    </failure>
  </testcase> <!-- @BeforeSuite openBrowser -->
  <testcase name="flights" time="0.016" classname="com.jayanthi.selenium.businesscript.ClearTrip">
    <skipped/>
  </testcase> <!-- flights -->
  <testcase name="multiCities" time="0.0" classname="com.jayanthi.selenium.businesscript.ClearTrip">
    <skipped/>
  </testcase> <!-- multiCities -->
</testsuite> <!-- Test -->
